1700150592.479269 client started (105020): version 3.2a, socket /tmp/tmux-1000/default, protocol 8
1700150592.479306 on Linux 6.2.0-36-generic #37~22.04.1-Ubuntu SMP PREEMPT_DYNAMIC Mon Oct  9 15:34:04 UTC 2
1700150592.479312 using libevent 2.1.12-stable (poll); ncurses 6.3
1700150592.479332 flags are 0x10010000
1700150592.479337 socket is /tmp/tmux-1000/default
1700150592.479353 trying connect
1700150592.479441 add peer 0x55e379275210: 6 ((nil))
1700150592.479815 sending message 100 to peer 0x55e379275210 (4 bytes)
1700150592.479827 sending message 111 to peer 0x55e379275210 (8 bytes)
1700150592.479832 sending message 101 to peer 0x55e379275210 (7 bytes)
1700150592.479837 sending message 109 to peer 0x55e379275210 (4 bytes)
1700150592.479843 sending message 102 to peer 0x55e379275210 (11 bytes)
1700150592.479848 sending message 108 to peer 0x55e379275210 (77 bytes)
1700150592.479854 sending message 112 to peer 0x55e379275210 (70 bytes)
1700150592.479859 sending message 112 to peer 0x55e379275210 (5 bytes)
1700150592.479864 sending message 112 to peer 0x55e379275210 (5 bytes)
1700150592.479869 sending message 112 to peer 0x55e379275210 (6 bytes)
1700150592.479874 sending message 112 to peer 0x55e379275210 (6 bytes)
1700150592.479880 sending message 112 to peer 0x55e379275210 (11 bytes)
1700150592.479885 sending message 112 to peer 0x55e379275210 (10 bytes)
1700150592.479890 sending message 112 to peer 0x55e379275210 (13 bytes)
1700150592.479895 sending message 112 to peer 0x55e379275210 (13 bytes)
1700150592.479900 sending message 112 to peer 0x55e379275210 (18 bytes)
1700150592.479905 sending message 112 to peer 0x55e379275210 (9 bytes)
1700150592.479910 sending message 112 to peer 0x55e379275210 (21 bytes)
1700150592.479915 sending message 112 to peer 0x55e379275210 (13 bytes)
1700150592.479921 sending message 112 to peer 0x55e379275210 (7 bytes)
1700150592.479926 sending message 112 to peer 0x55e379275210 (13 bytes)
1700150592.479932 sending message 112 to peer 0x55e379275210 (7 bytes)
1700150592.479937 sending message 112 to peer 0x55e379275210 (13 bytes)
1700150592.479942 sending message 112 to peer 0x55e379275210 (9 bytes)
1700150592.479947 sending message 112 to peer 0x55e379275210 (21 bytes)
1700150592.479952 sending message 112 to peer 0x55e379275210 (13 bytes)
1700150592.479957 sending message 112 to peer 0x55e379275210 (8 bytes)
1700150592.479962 sending message 112 to peer 0x55e379275210 (12 bytes)
1700150592.479967 sending message 112 to peer 0x55e379275210 (13 bytes)
1700150592.479972 sending message 112 to peer 0x55e379275210 (9 bytes)
1700150592.479977 sending message 112 to peer 0x55e379275210 (9 bytes)
1700150592.479982 sending message 112 to peer 0x55e379275210 (12 bytes)
1700150592.479987 sending message 112 to peer 0x55e379275210 (8 bytes)
1700150592.479992 sending message 112 to peer 0x55e379275210 (7 bytes)
1700150592.479997 sending message 112 to peer 0x55e379275210 (7 bytes)
1700150592.480002 sending message 112 to peer 0x55e379275210 (9 bytes)
1700150592.480007 sending message 112 to peer 0x55e379275210 (13 bytes)
1700150592.480012 sending message 112 to peer 0x55e379275210 (9 bytes)
1700150592.480017 sending message 112 to peer 0x55e379275210 (15 bytes)
1700150592.480022 sending message 112 to peer 0x55e379275210 (13 bytes)
1700150592.480027 sending message 112 to peer 0x55e379275210 (12 bytes)
1700150592.480032 sending message 112 to peer 0x55e379275210 (8 bytes)
1700150592.480037 sending message 112 to peer 0x55e379275210 (14 bytes)
1700150592.480041 sending message 112 to peer 0x55e379275210 (9 bytes)
1700150592.480046 sending message 112 to peer 0x55e379275210 (10 bytes)
1700150592.480051 sending message 112 to peer 0x55e379275210 (10 bytes)
1700150592.480056 sending message 112 to peer 0x55e379275210 (10 bytes)
1700150592.480061 sending message 112 to peer 0x55e379275210 (10 bytes)
1700150592.480066 sending message 112 to peer 0x55e379275210 (11 bytes)
1700150592.480071 sending message 112 to peer 0x55e379275210 (10 bytes)
1700150592.480076 sending message 112 to peer 0x55e379275210 (8 bytes)
1700150592.480093 sending message 112 to peer 0x55e379275210 (11 bytes)
1700150592.480098 sending message 112 to peer 0x55e379275210 (11 bytes)
1700150592.480103 sending message 112 to peer 0x55e379275210 (11 bytes)
1700150592.480108 sending message 112 to peer 0x55e379275210 (8 bytes)
1700150592.480113 sending message 112 to peer 0x55e379275210 (8 bytes)
1700150592.480118 sending message 112 to peer 0x55e379275210 (8 bytes)
1700150592.480123 sending message 112 to peer 0x55e379275210 (10 bytes)
1700150592.480128 sending message 112 to peer 0x55e379275210 (10 bytes)
1700150592.480133 sending message 112 to peer 0x55e379275210 (10 bytes)
1700150592.480138 sending message 112 to peer 0x55e379275210 (10 bytes)
1700150592.480143 sending message 112 to peer 0x55e379275210 (10 bytes)
1700150592.480148 sending message 112 to peer 0x55e379275210 (11 bytes)
1700150592.480153 sending message 112 to peer 0x55e379275210 (11 bytes)
1700150592.480158 sending message 112 to peer 0x55e379275210 (10 bytes)
1700150592.480163 sending message 112 to peer 0x55e379275210 (9 bytes)
1700150592.480168 sending message 112 to peer 0x55e379275210 (9 bytes)
1700150592.480173 sending message 112 to peer 0x55e379275210 (12 bytes)
1700150592.480179 sending message 112 to peer 0x55e379275210 (9 bytes)
1700150592.480184 sending message 112 to peer 0x55e379275210 (6 bytes)
1700150592.480189 sending message 112 to peer 0x55e379275210 (8 bytes)
1700150592.480194 sending message 112 to peer 0x55e379275210 (15 bytes)
1700150592.480199 sending message 112 to peer 0x55e379275210 (13 bytes)
1700150592.480205 sending message 112 to peer 0x55e379275210 (16 bytes)
1700150592.480210 sending message 112 to peer 0x55e379275210 (16 bytes)
1700150592.480215 sending message 112 to peer 0x55e379275210 (10 bytes)
1700150592.480220 sending message 112 to peer 0x55e379275210 (8 bytes)
1700150592.480225 sending message 112 to peer 0x55e379275210 (15 bytes)
1700150592.480230 sending message 112 to peer 0x55e379275210 (13 bytes)
1700150592.480235 sending message 112 to peer 0x55e379275210 (10 bytes)
1700150592.480240 sending message 112 to peer 0x55e379275210 (10 bytes)
1700150592.480246 sending message 112 to peer 0x55e379275210 (5 bytes)
1700150592.480251 sending message 112 to peer 0x55e379275210 (15 bytes)
1700150592.480256 sending message 104 to peer 0x55e379275210 (0 bytes)
1700150592.480262 sending message 110 to peer 0x55e379275210 (0 bytes)
1700150592.480268 sending message 107 to peer 0x55e379275210 (4 bytes)
1700150592.480273 sending message 105 to peer 0x55e379275210 (16 bytes)
1700150592.480278 sending message 105 to peer 0x55e379275210 (32 bytes)
1700150592.480283 sending message 105 to peer 0x55e379275210 (19 bytes)
1700150592.480288 sending message 105 to peer 0x55e379275210 (20 bytes)
1700150592.480293 sending message 105 to peer 0x55e379275210 (43 bytes)
1700150592.480298 sending message 105 to peer 0x55e379275210 (8 bytes)
1700150592.480303 sending message 105 to peer 0x55e379275210 (58 bytes)
1700150592.480308 sending message 105 to peer 0x55e379275210 (63 bytes)
1700150592.480314 sending message 105 to peer 0x55e379275210 (22 bytes)
1700150592.480318 sending message 105 to peer 0x55e379275210 (26 bytes)
1700150592.480323 sending message 105 to peer 0x55e379275210 (19 bytes)
1700150592.480328 sending message 105 to peer 0x55e379275210 (35 bytes)
1700150592.480333 sending message 105 to peer 0x55e379275210 (12 bytes)
1700150592.480338 sending message 105 to peer 0x55e379275210 (45 bytes)
1700150592.480343 sending message 105 to peer 0x55e379275210 (52 bytes)
1700150592.480348 sending message 105 to peer 0x55e379275210 (23 bytes)
1700150592.480353 sending message 105 to peer 0x55e379275210 (20 bytes)
1700150592.480358 sending message 105 to peer 0x55e379275210 (20 bytes)
1700150592.480363 sending message 105 to peer 0x55e379275210 (48 bytes)
1700150592.480368 sending message 105 to peer 0x55e379275210 (41 bytes)
1700150592.480373 sending message 105 to peer 0x55e379275210 (28 bytes)
1700150592.480378 sending message 105 to peer 0x55e379275210 (38 bytes)
1700150592.480384 sending message 105 to peer 0x55e379275210 (62 bytes)
1700150592.480393 sending message 105 to peer 0x55e379275210 (20 bytes)
1700150592.480398 sending message 105 to peer 0x55e379275210 (21 bytes)
1700150592.480403 sending message 105 to peer 0x55e379275210 (24 bytes)
1700150592.480408 sending message 105 to peer 0x55e379275210 (20 bytes)
1700150592.480413 sending message 105 to peer 0x55e379275210 (61 bytes)
1700150592.480418 sending message 105 to peer 0x55e379275210 (19 bytes)
1700150592.480423 sending message 105 to peer 0x55e379275210 (28 bytes)
1700150592.480428 sending message 105 to peer 0x55e379275210 (15 bytes)
1700150592.480454 sending message 105 to peer 0x55e379275210 (81 bytes)
1700150592.480462 sending message 105 to peer 0x55e379275210 (25 bytes)
1700150592.480467 sending message 105 to peer 0x55e379275210 (16 bytes)
1700150592.480472 sending message 105 to peer 0x55e379275210 (21 bytes)
1700150592.480477 sending message 105 to peer 0x55e379275210 (52 bytes)
1700150592.480482 sending message 105 to peer 0x55e379275210 (37 bytes)
1700150592.480487 sending message 105 to peer 0x55e379275210 (51 bytes)
1700150592.480492 sending message 105 to peer 0x55e379275210 (12 bytes)
1700150592.480497 sending message 105 to peer 0x55e379275210 (19 bytes)
1700150592.480502 sending message 105 to peer 0x55e379275210 (21 bytes)
1700150592.480507 sending message 105 to peer 0x55e379275210 (17 bytes)
1700150592.480513 sending message 105 to peer 0x55e379275210 (1519 bytes)
1700150592.480520 sending message 105 to peer 0x55e379275210 (25 bytes)
1700150592.480525 sending message 105 to peer 0x55e379275210 (17 bytes)
1700150592.480530 sending message 105 to peer 0x55e379275210 (52 bytes)
1700150592.480535 sending message 105 to peer 0x55e379275210 (29 bytes)
1700150592.480540 sending message 105 to peer 0x55e379275210 (76 bytes)
1700150592.480545 sending message 105 to peer 0x55e379275210 (23 bytes)
1700150592.480550 sending message 105 to peer 0x55e379275210 (27 bytes)
1700150592.480555 sending message 105 to peer 0x55e379275210 (34 bytes)
1700150592.480560 sending message 105 to peer 0x55e379275210 (23 bytes)
1700150592.480565 sending message 105 to peer 0x55e379275210 (23 bytes)
1700150592.480570 sending message 105 to peer 0x55e379275210 (12 bytes)
1700150592.480575 sending message 105 to peer 0x55e379275210 (30 bytes)
1700150592.480580 sending message 105 to peer 0x55e379275210 (49 bytes)
1700150592.480585 sending message 105 to peer 0x55e379275210 (32 bytes)
1700150592.480590 sending message 105 to peer 0x55e379275210 (13 bytes)
1700150592.480595 sending message 105 to peer 0x55e379275210 (13 bytes)
1700150592.480600 sending message 105 to peer 0x55e379275210 (11 bytes)
1700150592.480605 sending message 105 to peer 0x55e379275210 (8 bytes)
1700150592.480610 sending message 105 to peer 0x55e379275210 (14 bytes)
1700150592.480615 sending message 105 to peer 0x55e379275210 (11 bytes)
1700150592.480620 sending message 105 to peer 0x55e379275210 (25 bytes)
1700150592.480625 sending message 105 to peer 0x55e379275210 (18 bytes)
1700150592.480630 sending message 105 to peer 0x55e379275210 (27 bytes)
1700150592.480635 sending message 105 to peer 0x55e379275210 (11 bytes)
1700150592.480640 sending message 105 to peer 0x55e379275210 (18 bytes)
1700150592.480645 sending message 105 to peer 0x55e379275210 (13 bytes)
1700150592.480650 sending message 105 to peer 0x55e379275210 (21 bytes)
1700150592.480655 sending message 105 to peer 0x55e379275210 (31 bytes)
1700150592.480660 sending message 105 to peer 0x55e379275210 (20 bytes)
1700150592.480665 sending message 105 to peer 0x55e379275210 (31 bytes)
1700150592.480670 sending message 105 to peer 0x55e379275210 (17 bytes)
1700150592.480675 sending message 105 to peer 0x55e379275210 (30 bytes)
1700150592.480681 sending message 105 to peer 0x55e379275210 (196 bytes)
1700150592.480687 sending message 105 to peer 0x55e379275210 (401 bytes)
1700150592.480692 sending message 105 to peer 0x55e379275210 (46 bytes)
1700150592.480697 sending message 105 to peer 0x55e379275210 (16 bytes)
1700150592.480706 sending message 105 to peer 0x55e379275210 (22 bytes)
1700150592.480711 sending message 105 to peer 0x55e379275210 (54 bytes)
1700150592.480716 sending message 105 to peer 0x55e379275210 (54 bytes)
1700150592.480721 sending message 105 to peer 0x55e379275210 (23 bytes)
1700150592.480726 sending message 105 to peer 0x55e379275210 (18 bytes)
1700150592.480731 sending message 105 to peer 0x55e379275210 (16 bytes)
1700150592.480736 sending message 105 to peer 0x55e379275210 (21 bytes)
1700150592.480741 sending message 106 to peer 0x55e379275210 (0 bytes)
1700150592.480749 sending message 200 to peer 0x55e379275210 (4 bytes)
1700150592.480754 client loop enter
1700150592.481499 peer 0x55e379275210 message 303
1700150592.481514 open write file 2 -
1700150592.481528 sending message 305 to peer 0x55e379275210 (8 bytes)
1700150592.481543 write check file 2
1700150592.481749 peer 0x55e379275210 message 304
1700150592.481765 write 58 to file 2
1700150592.481774 peer 0x55e379275210 message 203
1700150592.481779 file 2 58 bytes left
1700150592.481802 write check file 2
1700150592.481808 client loop exit
